<?xml version="1.0" encoding="UTF-8"?>
<!-- Generated by org.testng.reporters.JUnitReportReporter -->
<testsuite hostname="DESKTOP-HU8JH8T" failures="0" tests="1" name="TESTNG.Test7" time="0.046" errors="0" timestamp="2022-07-22T11:46:04 IST" skipped="0">
  <testcase classname="TESTNG.Test7" name="m1" time="0.046"/>
  <system-out/>
</testsuite> <!-- TESTNG.Test7 -->
