<?xml version="1.0" encoding="UTF-8"?>
<!-- Generated by org.testng.reporters.JUnitReportReporter -->
<testsuite hostname="DESKTOP-HU8JH8T" failures="0" tests="3" name="TESTNG.TEST1" time="0.055" errors="0" timestamp="2022-07-18T13:15:36 IST" skipped="0">
  <testcase classname="TESTNG.TEST1" name="Test2" time="0.033"/>
  <system-out/>
  <testcase classname="TESTNG.TEST1" name="test1" time="0.012"/>
  <system-out/>
  <testcase classname="TESTNG.TEST1" name="Test3" time="0.010"/>
  <system-out/>
</testsuite> <!-- TESTNG.TEST1 -->
