<?xml version="1.0" encoding="UTF-8"?>
<!-- Generated by org.testng.reporters.JUnitReportReporter -->
<testsuite hostname="DESKTOP-HU8JH8T" failures="0" tests="2" name="TESTNG.Test9" time="28.561" errors="0" timestamp="2022-07-22T14:12:46 IST" skipped="0">
  <testcase classname="TESTNG.Test9" name="m1" time="11.964"/>
  <system-out/>
  <testcase classname="TESTNG.Test9" name="m1" time="16.597"/>
  <system-out/>
</testsuite> <!-- TESTNG.Test9 -->
