<?xml version="1.0" encoding="UTF-8"?>
<!-- Generated by org.testng.reporters.JUnitReportReporter -->
<testsuite hostname="DESKTOP-HU8JH8T" failures="0" tests="4" name="TESTNG.Test4" time="0.061" errors="0" timestamp="2022-07-20T17:43:05 IST" skipped="0">
  <testcase classname="TESTNG.Test4" name="B" time="0.037"/>
  <system-out/>
  <testcase classname="TESTNG.Test4" name="A" time="0.008"/>
  <system-out/>
  <testcase classname="TESTNG.Test4" name="A" time="0.006"/>
  <system-out/>
  <testcase classname="TESTNG.Test4" name="C" time="0.010"/>
  <system-out/>
</testsuite> <!-- TESTNG.Test4 -->
