<?xml version="1.0" encoding="UTF-8"?>
<!-- Generated by org.testng.reporters.JUnitReportReporter -->
<testsuite hostname="DESKTOP-HU8JH8T" failures="0" tests="3" name="TESTNG.test5" time="0.042" errors="0" timestamp="2022-07-20T17:57:52 IST" skipped="1">
  <testcase classname="TESTNG.test5" name="B" time="0.004"/>
  <system-out/>
  <testcase classname="TESTNG.test5" name="A" time="0.038"/>
  <system-out/>
  <testcase classname="TESTNG.test5" name="C">
    <skipped/>
  </testcase> <!-- C -->
  <system-out/>
</testsuite> <!-- TESTNG.test5 -->
