<?xml version="1.0" encoding="UTF-8"?>
<!-- Generated by org.testng.reporters.JUnitReportReporter -->
<testsuite hostname="DESKTOP-HU8JH8T" failures="0" tests="1" name="TESTNG.Test10" time="0.049" errors="0" timestamp="2022-07-22T14:45:00 IST" skipped="0">
  <testcase classname="TESTNG.Test10" name="a1" time="0.049"/>
  <system-out/>
</testsuite> <!-- TESTNG.Test10 -->
