<?xml version="1.0" encoding="UTF-8"?>
<!-- Generated by org.testng.reporters.JUnitReportReporter -->
<testsuite hostname="DESKTOP-HU8JH8T" failures="0" tests="3" name="TESTNG.Test2" time="56.290" errors="0" timestamp="2022-07-18T17:36:00 IST" skipped="0">
  <testcase classname="TESTNG.Test2" name="Test2" time="19.491"/>
  <system-out/>
  <testcase classname="TESTNG.Test2" name="Test1" time="20.491"/>
  <system-out/>
  <testcase classname="TESTNG.Test2" name="test3" time="16.308"/>
  <system-out/>
</testsuite> <!-- TESTNG.Test2 -->
